mysql> EXPLAIN ANALYZE
    -> SELECT 
    ->     b.booking_id,
    ->     b.start_date,
    ->     b.end_date,
    ->     b.total_price,
    ->     b.status AS booking_status,
    ->     u.user_id,
    ->     u.first_name,
    ->     u.last_name,
    ->     u.email,
    ->     p.property_id,
    ->     p.name AS property_name,
    ->     p.location AS property_location,
    ->     p.price_per_night,
    ->     pay.payment_id,
    ->     pay.amount AS payment_amount,
    ->     pay.payment_date,
    ->     pay.payment_method
    -> FROM 
    ->     Booking b
    -> LEFT JOIN 
    ->     User u ON b.user_id = u.user_id
    -> LEFT JOIN 
    ->     Property p ON b.property_id = p.property_id
    -> LEFT JOIN 
    ->     Payment pay ON b.booking_id = pay.booking_id
    -> ORDER BY 
    ->     b.created_at DESC;
+---------------------------------------------------------------------------------------------------------------------------------------------------------------------------------------------------------------------------------------------------------------------------------------------------------------------------------------------------------------------------------------------------------------------------------------------------------------------------------------------------------------------------------------------------------------------------------------------------------------------------------------------------------------------------------------------------------------------------------------------------------------------------------------------------------------------------------------------------------------------------------------------------------------------------------------+
| EXPLAIN                                                                                                                                                                                                                                                                                                                                                                                                                                                                                                                                                                                                                                                                                                                                                                                                                                                                                                                               |
+---------------------------------------------------------------------------------------------------------------------------------------------------------------------------------------------------------------------------------------------------------------------------------------------------------------------------------------------------------------------------------------------------------------------------------------------------------------------------------------------------------------------------------------------------------------------------------------------------------------------------------------------------------------------------------------------------------------------------------------------------------------------------------------------------------------------------------------------------------------------------------------------------------------------------------------+
| -> Nested loop left join  (cost=3.7 rows=3) (actual time=0.298..0.321 rows=3 loops=1)
    -> Nested loop left join  (cost=2.65 rows=3) (actual time=0.25..0.264 rows=3 loops=1)
        -> Nested loop left join  (cost=1.6 rows=3) (actual time=0.225..0.233 rows=3 loops=1)
            -> Sort: b.created_at DESC  (cost=0.55 rows=3) (actual time=0.134..0.135 rows=3 loops=1)
                -> Table scan on b  (cost=0.55 rows=3) (actual time=0.0769..0.0823 rows=3 loops=1)
            -> Single-row index lookup on u using PRIMARY (user_id = b.user_id)  (cost=0.283 rows=1) (actual time=0.0315..0.0315 rows=1 loops=3)
        -> Single-row index lookup on p using PRIMARY (property_id = b.property_id)  (cost=0.283 rows=1) (actual time=0.0103..0.0103 rows=1 loops=3)
    -> Index lookup on pay using booking_id (booking_id = b.booking_id)  (cost=0.283 rows=1) (actual time=0.0174..0.0183 rows=1 loops=3)
 |
+---------------------------------------------------------------------------------------------------------------------------------------------------------------------------------------------------------------------------------------------------------------------------------------------------------------------------------------------------------------------------------------------------------------------------------------------------------------------------------------------------------------------------------------------------------------------------------------------------------------------------------------------------------------------------------------------------------------------------------------------------------------------------------------------------------------------------------------------------------------------------------------------------------------------------------------+
1 row in set (0.003 sec)

mysql> notee
